Copyright 1986-2020 Xilinx, Inc. All Rights Reserved.
------------------------------------------------------------------------------------
| Tool Version : Vivado v.2020.1 (win64) Build 2902540 Wed May 27 19:54:49 MDT 2020
| Date         : Sat Nov 21 22:44:44 2020
| Host         : DESKTOP-OVMD9EA running 64-bit major release  (build 9200)
| Command      : report_control_sets -verbose -file pong_control_sets_placed.rpt
| Design       : pong
| Device       : xc7a100t
------------------------------------------------------------------------------------

Control Set Information

Table of Contents
-----------------
1. Summary
2. Histogram
3. Flip-Flop Distribution
4. Detailed Control Set Information

1. Summary
----------

+----------------------------------------------------------+-------+
|                          Status                          | Count |
+----------------------------------------------------------+-------+
| Total control sets                                       |    15 |
|    Minimum number of control sets                        |    15 |
|    Addition due to synthesis replication                 |     0 |
|    Addition due to physical synthesis replication        |     0 |
| Unused register locations in slices containing registers |    57 |
+----------------------------------------------------------+-------+
* Control sets can be merged at opt_design using control_set_merge or merge_equivalent_drivers
** Run report_qor_suggestions for automated merging and remapping suggestions


2. Histogram
------------

+--------------------+-------+
|       Fanout       | Count |
+--------------------+-------+
| Total control sets |    15 |
| >= 0 to < 4        |     2 |
| >= 4 to < 6        |     1 |
| >= 6 to < 8        |     4 |
| >= 8 to < 10       |     0 |
| >= 10 to < 12      |     4 |
| >= 12 to < 14      |     0 |
| >= 14 to < 16      |     0 |
| >= 16              |     4 |
+--------------------+-------+
* Control sets can be remapped at either synth_design or opt_design


3. Flip-Flop Distribution
-------------------------

+--------------+-----------------------+------------------------+-----------------+--------------+
| Clock Enable | Synchronous Set/Reset | Asynchronous Set/Reset | Total Registers | Total Slices |
+--------------+-----------------------+------------------------+-----------------+--------------+
| No           | No                    | No                     |              54 |           21 |
| No           | No                    | Yes                    |               0 |            0 |
| No           | Yes                   | No                     |              34 |           12 |
| Yes          | No                    | No                     |              40 |           15 |
| Yes          | No                    | Yes                    |               0 |            0 |
| Yes          | Yes                   | No                     |              55 |           21 |
+--------------+-----------------------+------------------------+-----------------+--------------+


4. Detailed Control Set Information
-----------------------------------

+-----------------------------+----------------------------------+-------------------------------+------------------+----------------+--------------+
|         Clock Signal        |           Enable Signal          |        Set/Reset Signal       | Slice Load Count | Bel Load Count | Bels / Slice |
+-----------------------------+----------------------------------+-------------------------------+------------------+----------------+--------------+
|  clk_wiz_0_inst/U0/clk_out1 |                                  | vga_driver/hsync0             |                1 |              1 |         1.00 |
|  clk_wiz_0_inst/U0/clk_out1 | vga_driver/eqOp                  |                               |                1 |              1 |         1.00 |
|  VGA_vsync_OBUF_BUFG        |                                  | add_bb/ball_y0                |                1 |              5 |         5.00 |
|  VGA_vsync_OBUF_BUFG        |                                  | add_bb/ball_y[10]_i_1_n_0     |                3 |              6 |         2.00 |
|  VGA_vsync_OBUF_BUFG        | add_bb/ball_x_motion[10]_i_1_n_0 |                               |                2 |              6 |         3.00 |
|  VGA_vsync_OBUF_BUFG        | add_bb/ball_y_motion[10]_i_1_n_0 |                               |                3 |              6 |         2.00 |
|  VGA_vsync_OBUF_BUFG        |                                  |                               |                6 |              7 |         1.17 |
|  clk_wiz_0_inst/U0/clk_out1 | vga_driver/eqOp                  | vga_driver/v_cnt0             |                3 |             10 |         3.33 |
|  VGA_vsync_OBUF_BUFG        |                                  | add_bb/ball_x_reg[10]_i_1_n_4 |                3 |             11 |         3.67 |
|  clk_in_IBUF_BUFG           | batpos[10]_i_1_n_0               |                               |                3 |             11 |         3.67 |
|  clk_wiz_0_inst/U0/clk_out1 |                                  | vga_driver/clear              |                4 |             11 |         2.75 |
|  VGA_vsync_OBUF_BUFG        | add_bb/ball_y_motion1            |                               |                6 |             16 |         2.67 |
|  clk_in_IBUF_BUFG           |                                  |                               |                6 |             21 |         3.50 |
|  clk_wiz_0_inst/U0/clk_out1 |                                  |                               |                9 |             26 |         2.89 |
|  VGA_vsync_OBUF_BUFG        | add_bb/ball_y_motion1            | add_bb/hitcount               |               18 |             45 |         2.50 |
+-----------------------------+----------------------------------+-------------------------------+------------------+----------------+--------------+


