
*** Running vivado
    with args -log pong.vds -m64 -product Vivado -mode batch -messageDb vivado.pb -notrace -source pong.tcl



****** Vivado v2020.1 (64-bit)
  **** SW Build 2902540 on Wed May 27 19:54:49 MDT 2020
  **** IP Build 2902112 on Wed May 27 22:43:36 MDT 2020
    ** Copyright 1986-2020 Xilinx, Inc. All Rights Reserved.

source pong.tcl -notrace
Command: synth_design -top pong -part xc7a100tcsg324-1
Starting synth_design
Attempting to get a license for feature 'Synthesis' and/or device 'xc7a100t'
INFO: [Common 17-349] Got license for feature 'Synthesis' and/or device 'xc7a100t'
INFO: [Device 21-403] Loading part xc7a100tcsg324-1
INFO: [Synth 8-7079] Multithreading enabled for synth_design using a maximum of 2 processes.
INFO: [Synth 8-7078] Launching helper process for spawning children vivado processes
INFO: [Synth 8-7075] Helper process launched with PID 2708
---------------------------------------------------------------------------------
Starting RTL Elaboration : Time (s): cpu = 00:00:05 ; elapsed = 00:00:05 . Memory (MB): peak = 1036.730 ; gain = 0.000
---------------------------------------------------------------------------------
WARNING: [Synth 8-1565] actual for formal port red_in is neither a static name nor a globally static expression [D:/OneDrive - stevens.edu/Stevens/2020 Fall/CPE 487/CPE487_dsd/lab/lab 6/pong/pong.srcs/sources_1/new/pong.vhd:108]
WARNING: [Synth 8-1565] actual for formal port green_in is neither a static name nor a globally static expression [D:/OneDrive - stevens.edu/Stevens/2020 Fall/CPE 487/CPE487_dsd/lab/lab 6/pong/pong.srcs/sources_1/new/pong.vhd:109]
WARNING: [Synth 8-1565] actual for formal port blue_in is neither a static name nor a globally static expression [D:/OneDrive - stevens.edu/Stevens/2020 Fall/CPE 487/CPE487_dsd/lab/lab 6/pong/pong.srcs/sources_1/new/pong.vhd:110]
INFO: [Synth 8-638] synthesizing module 'pong' [D:/OneDrive - stevens.edu/Stevens/2020 Fall/CPE 487/CPE487_dsd/lab/lab 6/pong/pong.srcs/sources_1/new/pong.vhd:23]
INFO: [Synth 8-3491] module 'bat_n_ball' declared at 'D:/OneDrive - stevens.edu/Stevens/2020 Fall/CPE 487/CPE487_dsd/lab/lab 6/pong/pong.srcs/sources_1/new/bat_n_ball.vhd:6' bound to instance 'add_bb' of component 'bat_n_ball' [D:/OneDrive - stevens.edu/Stevens/2020 Fall/CPE 487/CPE487_dsd/lab/lab 6/pong/pong.srcs/sources_1/new/pong.vhd:91]
INFO: [Synth 8-638] synthesizing module 'bat_n_ball' [D:/OneDrive - stevens.edu/Stevens/2020 Fall/CPE 487/CPE487_dsd/lab/lab 6/pong/pong.srcs/sources_1/new/bat_n_ball.vhd:21]
WARNING: [Synth 8-614] signal 'game_on' is read in the process but is not in the sensitivity list [D:/OneDrive - stevens.edu/Stevens/2020 Fall/CPE 487/CPE487_dsd/lab/lab 6/pong/pong.srcs/sources_1/new/bat_n_ball.vhd:46]
WARNING: [Synth 8-614] signal 'bat_w' is read in the process but is not in the sensitivity list [D:/OneDrive - stevens.edu/Stevens/2020 Fall/CPE 487/CPE487_dsd/lab/lab 6/pong/pong.srcs/sources_1/new/bat_n_ball.vhd:67]
INFO: [Synth 8-256] done synthesizing module 'bat_n_ball' (1#1) [D:/OneDrive - stevens.edu/Stevens/2020 Fall/CPE 487/CPE487_dsd/lab/lab 6/pong/pong.srcs/sources_1/new/bat_n_ball.vhd:21]
INFO: [Synth 8-3491] module 'vga_sync' declared at 'D:/OneDrive - stevens.edu/Stevens/2020 Fall/CPE 487/CPE487_dsd/lab/lab 6/pong/pong.srcs/sources_1/new/vga_sync.vhd:5' bound to instance 'vga_driver' of component 'vga_sync' [D:/OneDrive - stevens.edu/Stevens/2020 Fall/CPE 487/CPE487_dsd/lab/lab 6/pong/pong.srcs/sources_1/new/pong.vhd:105]
INFO: [Synth 8-638] synthesizing module 'vga_sync' [D:/OneDrive - stevens.edu/Stevens/2020 Fall/CPE 487/CPE487_dsd/lab/lab 6/pong/pong.srcs/sources_1/new/vga_sync.vhd:21]
INFO: [Synth 8-256] done synthesizing module 'vga_sync' (2#1) [D:/OneDrive - stevens.edu/Stevens/2020 Fall/CPE 487/CPE487_dsd/lab/lab 6/pong/pong.srcs/sources_1/new/vga_sync.vhd:21]
INFO: [Synth 8-3491] module 'clk_wiz_0' declared at 'D:/OneDrive - stevens.edu/Stevens/2020 Fall/CPE 487/CPE487_dsd/lab/lab 3/vgaball/vgaball.srcs/sources_1/new/clk_wiz_0.vhd:74' bound to instance 'clk_wiz_0_inst' of component 'clk_wiz_0' [D:/OneDrive - stevens.edu/Stevens/2020 Fall/CPE 487/CPE487_dsd/lab/lab 6/pong/pong.srcs/sources_1/new/pong.vhd:121]
INFO: [Synth 8-638] synthesizing module 'clk_wiz_0' [D:/OneDrive - stevens.edu/Stevens/2020 Fall/CPE 487/CPE487_dsd/lab/lab 3/vgaball/vgaball.srcs/sources_1/new/clk_wiz_0.vhd:83]
INFO: [Synth 8-3491] module 'clk_wiz_0_clk_wiz' declared at 'D:/OneDrive - stevens.edu/Stevens/2020 Fall/CPE 487/CPE487_dsd/lab/lab 3/vgaball/vgaball.srcs/sources_1/new/clk_wiz_0_clk_wiz.vhd:63' bound to instance 'U0' of component 'clk_wiz_0_clk_wiz' [D:/OneDrive - stevens.edu/Stevens/2020 Fall/CPE 487/CPE487_dsd/lab/lab 3/vgaball/vgaball.srcs/sources_1/new/clk_wiz_0.vhd:98]
INFO: [Synth 8-638] synthesizing module 'clk_wiz_0_clk_wiz' [D:/OneDrive - stevens.edu/Stevens/2020 Fall/CPE 487/CPE487_dsd/lab/lab 3/vgaball/vgaball.srcs/sources_1/new/clk_wiz_0_clk_wiz.vhd:72]
	Parameter BANDWIDTH bound to: OPTIMIZED - type: string 
	Parameter CLKFBOUT_MULT_F bound to: 10.125000 - type: double 
	Parameter CLKFBOUT_PHASE bound to: 0.000000 - type: double 
	Parameter CLKFBOUT_USE_FINE_PS bound to: 0 - type: bool 
	Parameter CLKIN1_PERIOD bound to: 10.000000 - type: double 
	Parameter CLKIN2_PERIOD bound to: 0.000000 - type: double 
	Parameter CLKOUT0_DIVIDE_F bound to: 25.312500 - type: double 
	Parameter CLKOUT0_DUTY_CYCLE bound to: 0.500000 - type: double 
	Parameter CLKOUT0_PHASE bound to: 0.000000 - type: double 
	Parameter CLKOUT0_USE_FINE_PS bound to: 0 - type: bool 
	Parameter CLKOUT1_DIVIDE bound to: 1 - type: integer 
	Parameter CLKOUT1_DUTY_CYCLE bound to: 0.500000 - type: double 
	Parameter CLKOUT1_PHASE bound to: 0.000000 - type: double 
	Parameter CLKOUT1_USE_FINE_PS bound to: 0 - type: bool 
	Parameter CLKOUT2_DIVIDE bound to: 1 - type: integer 
	Parameter CLKOUT2_DUTY_CYCLE bound to: 0.500000 - type: double 
	Parameter CLKOUT2_PHASE bound to: 0.000000 - type: double 
	Parameter CLKOUT2_USE_FINE_PS bound to: 0 - type: bool 
	Parameter CLKOUT3_DIVIDE bound to: 1 - type: integer 
	Parameter CLKOUT3_DUTY_CYCLE bound to: 0.500000 - type: double 
	Parameter CLKOUT3_PHASE bound to: 0.000000 - type: double 
	Parameter CLKOUT3_USE_FINE_PS bound to: 0 - type: bool 
	Parameter CLKOUT4_CASCADE bound to: 0 - type: bool 
	Parameter CLKOUT4_DIVIDE bound to: 1 - type: integer 
	Parameter CLKOUT4_DUTY_CYCLE bound to: 0.500000 - type: double 
	Parameter CLKOUT4_PHASE bound to: 0.000000 - type: double 
	Parameter CLKOUT4_USE_FINE_PS bound to: 0 - type: bool 
	Parameter CLKOUT5_DIVIDE bound to: 1 - type: integer 
	Parameter CLKOUT5_DUTY_CYCLE bound to: 0.500000 - type: double 
	Parameter CLKOUT5_PHASE bound to: 0.000000 - type: double 
	Parameter CLKOUT5_USE_FINE_PS bound to: 0 - type: bool 
	Parameter CLKOUT6_DIVIDE bound to: 1 - type: integer 
	Parameter CLKOUT6_DUTY_CYCLE bound to: 0.500000 - type: double 
	Parameter CLKOUT6_PHASE bound to: 0.000000 - type: double 
	Parameter CLKOUT6_USE_FINE_PS bound to: 0 - type: bool 
	Parameter COMPENSATION bound to: ZHOLD - type: string 
	Parameter DIVCLK_DIVIDE bound to: 1 - type: integer 
	Parameter IS_CLKINSEL_INVERTED bound to: 1'b0 
	Parameter IS_PSEN_INVERTED bound to: 1'b0 
	Parameter IS_PSINCDEC_INVERTED bound to: 1'b0 
	Parameter IS_PWRDWN_INVERTED bound to: 1'b0 
	Parameter IS_RST_INVERTED bound to: 1'b0 
	Parameter REF_JITTER1 bound to: 0.010000 - type: double 
	Parameter REF_JITTER2 bound to: 0.000000 - type: double 
	Parameter SS_EN bound to: FALSE - type: string 
	Parameter SS_MODE bound to: CENTER_HIGH - type: string 
	Parameter SS_MOD_PERIOD bound to: 10000 - type: integer 
	Parameter STARTUP_WAIT bound to: 0 - type: bool 
INFO: [Synth 8-113] binding component instance 'mmcm_adv_inst' to cell 'MMCME2_ADV' [D:/OneDrive - stevens.edu/Stevens/2020 Fall/CPE 487/CPE487_dsd/lab/lab 3/vgaball/vgaball.srcs/sources_1/new/clk_wiz_0_clk_wiz.vhd:114]
INFO: [Synth 8-113] binding component instance 'clkf_buf' to cell 'BUFG' [D:/OneDrive - stevens.edu/Stevens/2020 Fall/CPE 487/CPE487_dsd/lab/lab 3/vgaball/vgaball.srcs/sources_1/new/clk_wiz_0_clk_wiz.vhd:176]
INFO: [Synth 8-113] binding component instance 'clkout1_buf' to cell 'BUFG' [D:/OneDrive - stevens.edu/Stevens/2020 Fall/CPE 487/CPE487_dsd/lab/lab 3/vgaball/vgaball.srcs/sources_1/new/clk_wiz_0_clk_wiz.vhd:183]
INFO: [Synth 8-256] done synthesizing module 'clk_wiz_0_clk_wiz' (3#1) [D:/OneDrive - stevens.edu/Stevens/2020 Fall/CPE 487/CPE487_dsd/lab/lab 3/vgaball/vgaball.srcs/sources_1/new/clk_wiz_0_clk_wiz.vhd:72]
INFO: [Synth 8-256] done synthesizing module 'clk_wiz_0' (4#1) [D:/OneDrive - stevens.edu/Stevens/2020 Fall/CPE 487/CPE487_dsd/lab/lab 3/vgaball/vgaball.srcs/sources_1/new/clk_wiz_0.vhd:83]
INFO: [Synth 8-3491] module 'leddec16' declared at 'D:/OneDrive - stevens.edu/Stevens/2020 Fall/CPE 487/CPE487_dsd/lab/lab 6/pong/pong.srcs/sources_1/new/leddec16.vhd:4' bound to instance 'led1' of component 'leddec16' [D:/OneDrive - stevens.edu/Stevens/2020 Fall/CPE 487/CPE487_dsd/lab/lab 6/pong/pong.srcs/sources_1/new/pong.vhd:126]
INFO: [Synth 8-638] synthesizing module 'leddec16' [D:/OneDrive - stevens.edu/Stevens/2020 Fall/CPE 487/CPE487_dsd/lab/lab 6/pong/pong.srcs/sources_1/new/leddec16.vhd:12]
INFO: [Synth 8-256] done synthesizing module 'leddec16' (5#1) [D:/OneDrive - stevens.edu/Stevens/2020 Fall/CPE 487/CPE487_dsd/lab/lab 6/pong/pong.srcs/sources_1/new/leddec16.vhd:12]
INFO: [Synth 8-256] done synthesizing module 'pong' (6#1) [D:/OneDrive - stevens.edu/Stevens/2020 Fall/CPE 487/CPE487_dsd/lab/lab 6/pong/pong.srcs/sources_1/new/pong.vhd:23]
---------------------------------------------------------------------------------
Finished RTL Elaboration : Time (s): cpu = 00:00:06 ; elapsed = 00:00:06 . Memory (MB): peak = 1056.906 ; gain = 20.176
---------------------------------------------------------------------------------
---------------------------------------------------------------------------------
Start Handling Custom Attributes
---------------------------------------------------------------------------------
---------------------------------------------------------------------------------
Finished Handling Custom Attributes : Time (s): cpu = 00:00:06 ; elapsed = 00:00:07 . Memory (MB): peak = 1056.906 ; gain = 20.176
---------------------------------------------------------------------------------
---------------------------------------------------------------------------------
Finished RTL Optimization Phase 1 : Time (s): cpu = 00:00:06 ; elapsed = 00:00:07 . Memory (MB): peak = 1056.906 ; gain = 20.176
---------------------------------------------------------------------------------
Netlist sorting complete. Time (s): cpu = 00:00:00 ; elapsed = 00:00:00.013 . Memory (MB): peak = 1056.906 ; gain = 0.000
INFO: [Netlist 29-17] Analyzing 1 Unisim elements for replacement
INFO: [Netlist 29-28] Unisim Transformation completed in 0 CPU seconds
INFO: [Project 1-570] Preparing netlist for logic optimization

Processing XDC Constraints
Initializing timing engine
Parsing XDC File [D:/OneDrive - stevens.edu/Stevens/2020 Fall/CPE 487/CPE487_dsd/lab/lab 6/pong/pong.srcs/constrs_1/new/pong.xdc]
Finished Parsing XDC File [D:/OneDrive - stevens.edu/Stevens/2020 Fall/CPE 487/CPE487_dsd/lab/lab 6/pong/pong.srcs/constrs_1/new/pong.xdc]
INFO: [Project 1-236] Implementation specific constraints were found while reading constraint file [D:/OneDrive - stevens.edu/Stevens/2020 Fall/CPE 487/CPE487_dsd/lab/lab 6/pong/pong.srcs/constrs_1/new/pong.xdc]. These constraints will be ignored for synthesis but will be used in implementation. Impacted constraints are listed in the file [.Xil/pong_propImpl.xdc].
Resolution: To avoid this warning, move constraints listed in [.Xil/pong_propImpl.xdc] to another XDC file and exclude this new file from synthesis with the used_in_synthesis property (File Properties dialog in GUI) and re-run elaboration/synthesis.
INFO: [Timing 38-2] Deriving generated clocks
Completed Processing XDC Constraints

Netlist sorting complete. Time (s): cpu = 00:00:00 ; elapsed = 00:00:00.001 . Memory (MB): peak = 1175.375 ; gain = 0.000
INFO: [Project 1-111] Unisim Transformation Summary:
No Unisim elements were transformed.

Constraint Validation Runtime : Time (s): cpu = 00:00:00 ; elapsed = 00:00:00.006 . Memory (MB): peak = 1175.375 ; gain = 0.000
---------------------------------------------------------------------------------
Finished Constraint Validation : Time (s): cpu = 00:00:14 ; elapsed = 00:00:14 . Memory (MB): peak = 1175.375 ; gain = 138.645
---------------------------------------------------------------------------------
---------------------------------------------------------------------------------
Start Loading Part and Timing Information
---------------------------------------------------------------------------------
Loading part: xc7a100tcsg324-1
---------------------------------------------------------------------------------
Finished Loading Part and Timing Information : Time (s): cpu = 00:00:14 ; elapsed = 00:00:14 . Memory (MB): peak = 1175.375 ; gain = 138.645
---------------------------------------------------------------------------------
---------------------------------------------------------------------------------
Start Applying 'set_property' XDC Constraints
---------------------------------------------------------------------------------
---------------------------------------------------------------------------------
Finished applying 'set_property' XDC Constraints : Time (s): cpu = 00:00:14 ; elapsed = 00:00:14 . Memory (MB): peak = 1175.375 ; gain = 138.645
---------------------------------------------------------------------------------
---------------------------------------------------------------------------------
Finished RTL Optimization Phase 2 : Time (s): cpu = 00:00:14 ; elapsed = 00:00:15 . Memory (MB): peak = 1175.375 ; gain = 138.645
---------------------------------------------------------------------------------
---------------------------------------------------------------------------------
Start RTL Component Statistics 
---------------------------------------------------------------------------------
Detailed RTL Component Info : 
+---Adders : 
	   2 Input   32 Bit       Adders := 1     
	   2 Input   31 Bit       Adders := 1     
	   2 Input   12 Bit       Adders := 2     
	   2 Input   11 Bit       Adders := 11    
	   3 Input   11 Bit       Adders := 3     
+---Registers : 
	               32 Bit    Registers := 1     
	               16 Bit    Registers := 1     
	               11 Bit    Registers := 9     
	                5 Bit    Registers := 1     
	                4 Bit    Registers := 3     
	                1 Bit    Registers := 4     
+---Multipliers : 
	               5x32  Multipliers := 1     
+---Muxes : 
	   2 Input   32 Bit        Muxes := 1     
	   2 Input   31 Bit        Muxes := 1     
	   2 Input   11 Bit        Muxes := 9     
	   3 Input   11 Bit        Muxes := 1     
	   2 Input    5 Bit        Muxes := 1     
	   2 Input    4 Bit        Muxes := 3     
	   5 Input    4 Bit        Muxes := 1     
	   4 Input    4 Bit        Muxes := 1     
	   2 Input    1 Bit        Muxes := 7     
---------------------------------------------------------------------------------
Finished RTL Component Statistics 
---------------------------------------------------------------------------------
---------------------------------------------------------------------------------
Start Part Resource Summary
---------------------------------------------------------------------------------
Part Resources:
DSPs: 240 (col length:80)
BRAMs: 270 (col length: RAMB18 80 RAMB36 40)
---------------------------------------------------------------------------------
Finished Part Resource Summary
---------------------------------------------------------------------------------
---------------------------------------------------------------------------------
Start Cross Boundary and Area Optimization
---------------------------------------------------------------------------------
DSP Report: Generating DSP multOp, operation Mode is: A*B.
DSP Report: operator multOp is absorbed into DSP multOp.
DSP Report: Generating DSP plusOp, operation Mode is: PCIN+A*B.
DSP Report: operator plusOp is absorbed into DSP plusOp.
DSP Report: operator multOp is absorbed into DSP plusOp.
---------------------------------------------------------------------------------
Finished Cross Boundary and Area Optimization : Time (s): cpu = 00:00:20 ; elapsed = 00:00:21 . Memory (MB): peak = 1175.375 ; gain = 138.645
---------------------------------------------------------------------------------
---------------------------------------------------------------------------------
Start ROM, RAM, DSP and Shift Register Reporting
---------------------------------------------------------------------------------

DSP: Preliminary Mapping	Report (see note below)
+------------+-------------+--------+--------+--------+--------+--------+------+------+------+------+-------+------+------+
|Module Name | DSP Mapping | A Size | B Size | C Size | D Size | P Size | AREG | BREG | CREG | DREG | ADREG | MREG | PREG | 
+------------+-------------+--------+--------+--------+--------+--------+------+------+------+------+-------+------+------+
|bat_n_ball  | A*B         | 11     | 11     | -      | -      | 22     | 0    | 0    | -    | -    | -     | 0    | 0    | 
|bat_n_ball  | PCIN+A*B    | 11     | 11     | -      | -      | 22     | 0    | 0    | -    | -    | -     | 0    | 0    | 
+------------+-------------+--------+--------+--------+--------+--------+------+------+------+------+-------+------+------+

Note: The table above is a preliminary report that shows the DSPs inferred at the current stage of the synthesis flow. Some DSP may be reimplemented as non DSP primitives later in the synthesis flow. Multiple instantiated DSPs are reported only once.
---------------------------------------------------------------------------------
Finished ROM, RAM, DSP and Shift Register Reporting
---------------------------------------------------------------------------------
---------------------------------------------------------------------------------
Start Applying XDC Timing Constraints
---------------------------------------------------------------------------------
---------------------------------------------------------------------------------
Finished Applying XDC Timing Constraints : Time (s): cpu = 00:00:35 ; elapsed = 00:00:36 . Memory (MB): peak = 1194.133 ; gain = 157.402
---------------------------------------------------------------------------------
---------------------------------------------------------------------------------
Start Timing Optimization
---------------------------------------------------------------------------------
---------------------------------------------------------------------------------
Finished Timing Optimization : Time (s): cpu = 00:00:42 ; elapsed = 00:00:43 . Memory (MB): peak = 1284.633 ; gain = 247.902
---------------------------------------------------------------------------------
---------------------------------------------------------------------------------
Start Technology Mapping
---------------------------------------------------------------------------------
---------------------------------------------------------------------------------
Finished Technology Mapping : Time (s): cpu = 00:00:43 ; elapsed = 00:00:44 . Memory (MB): peak = 1294.676 ; gain = 257.945
---------------------------------------------------------------------------------
---------------------------------------------------------------------------------
Start IO Insertion
---------------------------------------------------------------------------------
---------------------------------------------------------------------------------
Start Flattening Before IO Insertion
---------------------------------------------------------------------------------
---------------------------------------------------------------------------------
Finished Flattening Before IO Insertion
---------------------------------------------------------------------------------
---------------------------------------------------------------------------------
Start Final Netlist Cleanup
---------------------------------------------------------------------------------
---------------------------------------------------------------------------------
Finished Final Netlist Cleanup
---------------------------------------------------------------------------------
---------------------------------------------------------------------------------
Finished IO Insertion : Time (s): cpu = 00:00:47 ; elapsed = 00:00:48 . Memory (MB): peak = 1294.676 ; gain = 257.945
---------------------------------------------------------------------------------
---------------------------------------------------------------------------------
Start Renaming Generated Instances
---------------------------------------------------------------------------------
---------------------------------------------------------------------------------
Finished Renaming Generated Instances : Time (s): cpu = 00:00:47 ; elapsed = 00:00:48 . Memory (MB): peak = 1294.676 ; gain = 257.945
---------------------------------------------------------------------------------
---------------------------------------------------------------------------------
Start Rebuilding User Hierarchy
---------------------------------------------------------------------------------
---------------------------------------------------------------------------------
Finished Rebuilding User Hierarchy : Time (s): cpu = 00:00:47 ; elapsed = 00:00:48 . Memory (MB): peak = 1294.676 ; gain = 257.945
---------------------------------------------------------------------------------
---------------------------------------------------------------------------------
Start Renaming Generated Ports
---------------------------------------------------------------------------------
---------------------------------------------------------------------------------
Finished Renaming Generated Ports : Time (s): cpu = 00:00:47 ; elapsed = 00:00:48 . Memory (MB): peak = 1294.676 ; gain = 257.945
---------------------------------------------------------------------------------
---------------------------------------------------------------------------------
Start Handling Custom Attributes
---------------------------------------------------------------------------------
---------------------------------------------------------------------------------
Finished Handling Custom Attributes : Time (s): cpu = 00:00:47 ; elapsed = 00:00:48 . Memory (MB): peak = 1294.676 ; gain = 257.945
---------------------------------------------------------------------------------
---------------------------------------------------------------------------------
Start Renaming Generated Nets
---------------------------------------------------------------------------------
---------------------------------------------------------------------------------
Finished Renaming Generated Nets : Time (s): cpu = 00:00:47 ; elapsed = 00:00:48 . Memory (MB): peak = 1294.676 ; gain = 257.945
---------------------------------------------------------------------------------
---------------------------------------------------------------------------------
Start Writing Synthesis Report
---------------------------------------------------------------------------------

Report BlackBoxes: 
+-+--------------+----------+
| |BlackBox name |Instances |
+-+--------------+----------+
+-+--------------+----------+

Report Cell Usage: 
+------+-----------+------+
|      |Cell       |Count |
+------+-----------+------+
|1     |BUFG       |     4|
|2     |CARRY4     |   153|
|3     |DSP48E1    |     2|
|4     |LUT1       |    38|
|5     |LUT2       |   177|
|6     |LUT3       |   177|
|7     |LUT4       |   123|
|8     |LUT5       |   128|
|9     |LUT6       |   353|
|10    |MMCME2_ADV |     1|
|11    |FDRE       |   175|
|12    |FDSE       |     7|
|13    |IBUF       |     9|
|14    |OBUF       |    25|
+------+-----------+------+
---------------------------------------------------------------------------------
Finished Writing Synthesis Report : Time (s): cpu = 00:00:47 ; elapsed = 00:00:48 . Memory (MB): peak = 1294.676 ; gain = 257.945
---------------------------------------------------------------------------------
Synthesis finished with 0 errors, 0 critical warnings and 0 warnings.
Synthesis Optimization Runtime : Time (s): cpu = 00:00:38 ; elapsed = 00:00:46 . Memory (MB): peak = 1294.676 ; gain = 139.477
Synthesis Optimization Complete : Time (s): cpu = 00:00:47 ; elapsed = 00:00:49 . Memory (MB): peak = 1294.676 ; gain = 257.945
INFO: [Project 1-571] Translating synthesized netlist
Netlist sorting complete. Time (s): cpu = 00:00:00 ; elapsed = 00:00:00.022 . Memory (MB): peak = 1294.676 ; gain = 0.000
INFO: [Netlist 29-17] Analyzing 156 Unisim elements for replacement
INFO: [Netlist 29-28] Unisim Transformation completed in 0 CPU seconds
WARNING: [Netlist 29-101] Netlist 'pong' is not ideal for floorplanning, since the cellview 'bat_n_ball' contains a large number of primitives.  Please consider enabling hierarchy in synthesis if you want to do floorplanning.
INFO: [Project 1-570] Preparing netlist for logic optimization
INFO: [Opt 31-138] Pushed 0 inverter(s) to 0 load pin(s).
Netlist sorting complete. Time (s): cpu = 00:00:00 ; elapsed = 00:00:00 . Memory (MB): peak = 1294.676 ; gain = 0.000
INFO: [Project 1-111] Unisim Transformation Summary:
No Unisim elements were transformed.

INFO: [Common 17-83] Releasing license: Synthesis
38 Infos, 6 Warnings, 0 Critical Warnings and 0 Errors encountered.
synth_design completed successfully
synth_design: Time (s): cpu = 00:00:55 ; elapsed = 00:00:57 . Memory (MB): peak = 1294.676 ; gain = 257.945
INFO: [Common 17-1381] The checkpoint 'D:/OneDrive - stevens.edu/Stevens/2020 Fall/CPE 487/CPE487_dsd/lab/lab 6/pong/pong.runs/synth_1/pong.dcp' has been generated.
INFO: [runtcl-4] Executing : report_utilization -file pong_utilization_synth.rpt -pb pong_utilization_synth.pb
INFO: [Common 17-206] Exiting Vivado at Sat Nov 21 22:43:52 2020...
